<?xml version="1.0" encoding="UTF-8"?>
<coverage generated="1611203539587" clover="3.2.0">
  <project timestamp="1611203539587" name="All files">
    <metrics statements="92" coveredstatements="77" conditionals="10" coveredconditionals="5" methods="27" coveredmethods="18" elements="129" coveredelements="100" complexity="0" loc="92" ncloc="92" packages="1" files="11" classes="11"/>
    <file name="BathInfo.jsx" path="/Users/daniel/HR/fec/similar-homes-service/client/src/components/BathInfo.jsx">
      <metrics statements="6" coveredstatements="6" conditionals="0" coveredconditionals="0" methods="2" coveredmethods="2"/>
      <line num="4" count="3" type="stmt"/>
      <line num="9" count="3" type="stmt"/>
      <line num="10" count="2" type="stmt"/>
      <line num="13" count="3" type="stmt"/>
      <line num="23" count="3" type="stmt"/>
      <line num="24" count="2" type="stmt"/>
    </file>
    <file name="BedInfo.jsx" path="/Users/daniel/HR/fec/similar-homes-service/client/src/components/BedInfo.jsx">
      <metrics statements="6" coveredstatements="6" conditionals="0" coveredconditionals="0" methods="2" coveredmethods="2"/>
      <line num="4" count="3" type="stmt"/>
      <line num="9" count="3" type="stmt"/>
      <line num="10" count="2" type="stmt"/>
      <line num="13" count="3" type="stmt"/>
      <line num="23" count="3" type="stmt"/>
      <line num="24" count="2" type="stmt"/>
    </file>
    <file name="Carousel.jsx" path="/Users/daniel/HR/fec/similar-homes-service/client/src/components/Carousel.jsx">
      <metrics statements="14" coveredstatements="9" conditionals="0" coveredconditionals="0" methods="6" coveredmethods="3"/>
      <line num="7" count="2" type="stmt"/>
      <line num="23" count="2" type="stmt"/>
      <line num="36" count="2" type="stmt"/>
      <line num="42" count="0" type="stmt"/>
      <line num="47" count="3" type="stmt"/>
      <line num="48" count="3" type="stmt"/>
      <line num="52" count="3" type="stmt"/>
      <line num="53" count="3" type="stmt"/>
      <line num="57" count="0" type="stmt"/>
      <line num="58" count="0" type="stmt"/>
      <line num="64" count="0" type="stmt"/>
      <line num="65" count="0" type="stmt"/>
      <line num="71" count="3" type="stmt"/>
      <line num="72" count="2" type="stmt"/>
    </file>
    <file name="Heart.jsx" path="/Users/daniel/HR/fec/similar-homes-service/client/src/components/Heart.jsx">
      <metrics statements="11" coveredstatements="9" conditionals="2" coveredconditionals="1" methods="5" coveredmethods="3"/>
      <line num="4" count="3" type="stmt"/>
      <line num="13" count="3" type="stmt"/>
      <line num="14" count="0" type="stmt"/>
      <line num="17" count="3" type="stmt"/>
      <line num="18" count="1" type="stmt"/>
      <line num="23" count="1" type="stmt"/>
      <line num="24" count="1" type="stmt"/>
      <line num="27" count="1" type="stmt"/>
      <line num="31" count="0" type="stmt"/>
      <line num="37" count="1" type="cond" truecount="1" falsecount="1"/>
      <line num="38" count="1" type="stmt"/>
    </file>
    <file name="Home.jsx" path="/Users/daniel/HR/fec/similar-homes-service/client/src/components/Home.jsx">
      <metrics statements="9" coveredstatements="8" conditionals="0" coveredconditionals="0" methods="1" coveredmethods="0"/>
      <line num="11" count="2" type="stmt"/>
      <line num="21" count="2" type="stmt"/>
      <line num="27" count="2" type="stmt"/>
      <line num="34" count="2" type="stmt"/>
      <line num="56" count="2" type="stmt"/>
      <line num="61" count="2" type="stmt"/>
      <line num="69" count="2" type="stmt"/>
      <line num="76" count="2" type="stmt"/>
      <line num="77" count="0" type="stmt"/>
    </file>
    <file name="NewInfo.jsx" path="/Users/daniel/HR/fec/similar-homes-service/client/src/components/NewInfo.jsx">
      <metrics statements="6" coveredstatements="5" conditionals="2" coveredconditionals="1" methods="1" coveredmethods="1"/>
      <line num="4" count="3" type="stmt"/>
      <line num="12" count="3" type="stmt"/>
      <line num="24" count="3" type="stmt"/>
      <line num="25" count="2" type="cond" truecount="1" falsecount="1"/>
      <line num="26" count="2" type="stmt"/>
      <line num="35" count="0" type="stmt"/>
    </file>
    <file name="NextButton.jsx" path="/Users/daniel/HR/fec/similar-homes-service/client/src/components/NextButton.jsx">
      <metrics statements="9" coveredstatements="8" conditionals="2" coveredconditionals="1" methods="2" coveredmethods="2"/>
      <line num="4" count="3" type="stmt"/>
      <line num="11" count="3" type="stmt"/>
      <line num="44" count="3" type="stmt"/>
      <line num="55" count="3" type="stmt"/>
      <line num="56" count="2" type="stmt"/>
      <line num="59" count="3" type="stmt"/>
      <line num="60" count="2" type="cond" truecount="1" falsecount="1"/>
      <line num="61" count="2" type="stmt"/>
      <line num="72" count="0" type="stmt"/>
    </file>
    <file name="PrevButton.jsx" path="/Users/daniel/HR/fec/similar-homes-service/client/src/components/PrevButton.jsx">
      <metrics statements="9" coveredstatements="7" conditionals="2" coveredconditionals="1" methods="2" coveredmethods="1"/>
      <line num="4" count="3" type="stmt"/>
      <line num="10" count="3" type="stmt"/>
      <line num="42" count="3" type="stmt"/>
      <line num="53" count="3" type="stmt"/>
      <line num="54" count="0" type="stmt"/>
      <line num="57" count="3" type="stmt"/>
      <line num="58" count="2" type="cond" truecount="1" falsecount="1"/>
      <line num="59" count="0" type="stmt"/>
      <line num="70" count="2" type="stmt"/>
    </file>
    <file name="PriceInfo.jsx" path="/Users/daniel/HR/fec/similar-homes-service/client/src/components/PriceInfo.jsx">
      <metrics statements="12" coveredstatements="10" conditionals="2" coveredconditionals="1" methods="3" coveredmethods="2"/>
      <line num="4" count="3" type="stmt"/>
      <line num="11" count="3" type="stmt"/>
      <line num="21" count="3" type="stmt"/>
      <line num="27" count="3" type="stmt"/>
      <line num="28" count="0" type="stmt"/>
      <line num="31" count="3" type="stmt"/>
      <line num="32" count="2" type="stmt"/>
      <line num="37" count="3" type="stmt"/>
      <line num="38" count="2" type="stmt"/>
      <line num="39" count="2" type="cond" truecount="1" falsecount="1"/>
      <line num="40" count="0" type="stmt"/>
      <line num="52" count="2" type="stmt"/>
    </file>
    <file name="RealtorInfo.jsx" path="/Users/daniel/HR/fec/similar-homes-service/client/src/components/RealtorInfo.jsx">
      <metrics statements="4" coveredstatements="3" conditionals="0" coveredconditionals="0" methods="1" coveredmethods="0"/>
      <line num="4" count="2" type="stmt"/>
      <line num="12" count="2" type="stmt"/>
      <line num="20" count="2" type="stmt"/>
      <line num="21" count="0" type="stmt"/>
    </file>
    <file name="SqftInfo.jsx" path="/Users/daniel/HR/fec/similar-homes-service/client/src/components/SqftInfo.jsx">
      <metrics statements="6" coveredstatements="6" conditionals="0" coveredconditionals="0" methods="2" coveredmethods="2"/>
      <line num="4" count="3" type="stmt"/>
      <line num="9" count="3" type="stmt"/>
      <line num="10" count="2" type="stmt"/>
      <line num="13" count="3" type="stmt"/>
      <line num="23" count="3" type="stmt"/>
      <line num="24" count="2" type="stmt"/>
    </file>
  </project>
</coverage>
