{"/Users/daniel/HR/fec/similar-homes-service/client/src/components/BathInfo.jsx": {"path":"/Users/daniel/HR/fec/similar-homes-service/client/src/components/BathInfo.jsx","statementMap":{"0":{"start":{"line":4,"column":26},"end":{"line":7,"column":1}},"1":{"start":{"line":9,"column":17},"end":{"line":11,"column":1}},"2":{"start":{"line":10,"column":2},"end":{"line":10,"column":497}},"3":{"start":{"line":13,"column":13},"end":{"line":21,"column":1}},"4":{"start":{"line":23,"column":17},"end":{"line":30,"column":1}},"5":{"start":{"line":24,"column":2},"end":{"line":29,"column":9}}},"fnMap":{"0":{"name":"(anonymous_0)","decl":{"start":{"line":9,"column":17},"end":{"line":9,"column":18}},"loc":{"start":{"line":10,"column":2},"end":{"line":10,"column":497}},"line":10},"1":{"name":"(anonymous_1)","decl":{"start":{"line":23,"column":17},"end":{"line":23,"column":18}},"loc":{"start":{"line":24,"column":2},"end":{"line":29,"column":9}},"line":24}},"branchMap":{},"s":{"0":3,"1":3,"2":2,"3":3,"4":3,"5":2},"f":{"0":2,"1":2},"b":{},"_coverageSchema":"1a1c01bbd47fc00a2c39e90264f33305004495a9","hash":"ebfb2bf8e7a019fe07ec1ea6ff315bf5ae95afbe"}
,"/Users/daniel/HR/fec/similar-homes-service/client/src/components/BedInfo.jsx": {"path":"/Users/daniel/HR/fec/similar-homes-service/client/src/components/BedInfo.jsx","statementMap":{"0":{"start":{"line":4,"column":25},"end":{"line":7,"column":1}},"1":{"start":{"line":9,"column":16},"end":{"line":11,"column":1}},"2":{"start":{"line":10,"column":2},"end":{"line":10,"column":269}},"3":{"start":{"line":13,"column":13},"end":{"line":21,"column":1}},"4":{"start":{"line":23,"column":16},"end":{"line":30,"column":1}},"5":{"start":{"line":24,"column":2},"end":{"line":29,"column":9}}},"fnMap":{"0":{"name":"(anonymous_0)","decl":{"start":{"line":9,"column":16},"end":{"line":9,"column":17}},"loc":{"start":{"line":10,"column":2},"end":{"line":10,"column":269}},"line":10},"1":{"name":"(anonymous_1)","decl":{"start":{"line":23,"column":16},"end":{"line":23,"column":17}},"loc":{"start":{"line":24,"column":2},"end":{"line":29,"column":9}},"line":24}},"branchMap":{},"s":{"0":3,"1":3,"2":2,"3":3,"4":3,"5":2},"f":{"0":2,"1":2},"b":{},"_coverageSchema":"1a1c01bbd47fc00a2c39e90264f33305004495a9","hash":"ea7b586f523b8cf5b1c9e243931a1312f7995c5b"}
,"/Users/daniel/HR/fec/similar-homes-service/client/src/components/Carousel.jsx": {"path":"/Users/daniel/HR/fec/similar-homes-service/client/src/components/Carousel.jsx","statementMap":{"0":{"start":{"line":7,"column":19},"end":{"line":21,"column":1}},"1":{"start":{"line":23,"column":17},"end":{"line":34,"column":1}},"2":{"start":{"line":36,"column":22},"end":{"line":43,"column":1}},"3":{"start":{"line":42,"column":38},"end":{"line":42,"column":54}},"4":{"start":{"line":47,"column":4},"end":{"line":47,"column":17}},"5":{"start":{"line":48,"column":4},"end":{"line":51,"column":6}},"6":{"start":{"line":52,"column":4},"end":{"line":52,"column":49}},"7":{"start":{"line":53,"column":4},"end":{"line":53,"column":49}},"8":{"start":{"line":57,"column":18},"end":{"line":57,"column":37}},"9":{"start":{"line":58,"column":4},"end":{"line":60,"column":7}},"10":{"start":{"line":64,"column":18},"end":{"line":64,"column":37}},"11":{"start":{"line":65,"column":4},"end":{"line":67,"column":7}},"12":{"start":{"line":71,"column":22},"end":{"line":71,"column":83}},"13":{"start":{"line":71,"column":61},"end":{"line":71,"column":81}},"14":{"start":{"line":72,"column":4},"end":{"line":84,"column":6}}},"fnMap":{"0":{"name":"(anonymous_0)","decl":{"start":{"line":42,"column":27},"end":{"line":42,"column":28}},"loc":{"start":{"line":42,"column":38},"end":{"line":42,"column":54}},"line":42},"1":{"name":"(anonymous_1)","decl":{"start":{"line":46,"column":2},"end":{"line":46,"column":3}},"loc":{"start":{"line":46,"column":21},"end":{"line":54,"column":3}},"line":46},"2":{"name":"(anonymous_2)","decl":{"start":{"line":56,"column":2},"end":{"line":56,"column":3}},"loc":{"start":{"line":56,"column":15},"end":{"line":61,"column":3}},"line":56},"3":{"name":"(anonymous_3)","decl":{"start":{"line":63,"column":2},"end":{"line":63,"column":3}},"loc":{"start":{"line":63,"column":15},"end":{"line":68,"column":3}},"line":63},"4":{"name":"(anonymous_4)","decl":{"start":{"line":70,"column":2},"end":{"line":70,"column":3}},"loc":{"start":{"line":70,"column":11},"end":{"line":85,"column":3}},"line":70},"5":{"name":"(anonymous_5)","decl":{"start":{"line":71,"column":50},"end":{"line":71,"column":51}},"loc":{"start":{"line":71,"column":61},"end":{"line":71,"column":81}},"line":71}},"branchMap":{},"s":{"0":2,"1":2,"2":2,"3":0,"4":3,"5":3,"6":3,"7":3,"8":0,"9":0,"10":0,"11":0,"12":3,"13":2,"14":2},"f":{"0":0,"1":3,"2":0,"3":0,"4":3,"5":2},"b":{},"_coverageSchema":"1a1c01bbd47fc00a2c39e90264f33305004495a9","hash":"0bb6b84ad484907a875906add89b6eaf9099181e"}
,"/Users/daniel/HR/fec/similar-homes-service/client/src/components/Heart.jsx": {"path":"/Users/daniel/HR/fec/similar-homes-service/client/src/components/Heart.jsx","statementMap":{"0":{"start":{"line":4,"column":18},"end":{"line":11,"column":1}},"1":{"start":{"line":13,"column":17},"end":{"line":15,"column":1}},"2":{"start":{"line":14,"column":2},"end":{"line":14,"column":273}},"3":{"start":{"line":17,"column":18},"end":{"line":19,"column":1}},"4":{"start":{"line":18,"column":2},"end":{"line":18,"column":687}},"5":{"start":{"line":23,"column":4},"end":{"line":23,"column":17}},"6":{"start":{"line":24,"column":4},"end":{"line":26,"column":6}},"7":{"start":{"line":27,"column":4},"end":{"line":27,"column":51}},"8":{"start":{"line":31,"column":4},"end":{"line":33,"column":7}},"9":{"start":{"line":37,"column":21},"end":{"line":37,"column":60}},"10":{"start":{"line":38,"column":4},"end":{"line":42,"column":6}}},"fnMap":{"0":{"name":"(anonymous_0)","decl":{"start":{"line":13,"column":17},"end":{"line":13,"column":18}},"loc":{"start":{"line":14,"column":2},"end":{"line":14,"column":273}},"line":14},"1":{"name":"(anonymous_1)","decl":{"start":{"line":17,"column":18},"end":{"line":17,"column":19}},"loc":{"start":{"line":18,"column":2},"end":{"line":18,"column":687}},"line":18},"2":{"name":"(anonymous_2)","decl":{"start":{"line":22,"column":2},"end":{"line":22,"column":3}},"loc":{"start":{"line":22,"column":21},"end":{"line":28,"column":3}},"line":22},"3":{"name":"(anonymous_3)","decl":{"start":{"line":30,"column":2},"end":{"line":30,"column":3}},"loc":{"start":{"line":30,"column":16},"end":{"line":34,"column":3}},"line":30},"4":{"name":"(anonymous_4)","decl":{"start":{"line":36,"column":2},"end":{"line":36,"column":3}},"loc":{"start":{"line":36,"column":11},"end":{"line":43,"column":3}},"line":36}},"branchMap":{"0":{"loc":{"start":{"line":37,"column":21},"end":{"line":37,"column":60}},"type":"cond-expr","locations":[{"start":{"line":37,"column":40},"end":{"line":37,"column":48}},{"start":{"line":37,"column":51},"end":{"line":37,"column":60}}],"line":37}},"s":{"0":3,"1":3,"2":0,"3":3,"4":1,"5":1,"6":1,"7":1,"8":0,"9":1,"10":1},"f":{"0":0,"1":1,"2":1,"3":0,"4":1},"b":{"0":[0,1]},"_coverageSchema":"1a1c01bbd47fc00a2c39e90264f33305004495a9","hash":"a3307182929857912598db7c5f2790e65e3aaf55"}
,"/Users/daniel/HR/fec/similar-homes-service/client/src/components/Home.jsx": {"path":"/Users/daniel/HR/fec/similar-homes-service/client/src/components/Home.jsx","statementMap":{"0":{"start":{"line":11,"column":13},"end":{"line":19,"column":1}},"1":{"start":{"line":21,"column":23},"end":{"line":25,"column":1}},"2":{"start":{"line":27,"column":27},"end":{"line":33,"column":1}},"3":{"start":{"line":34,"column":18},"end":{"line":54,"column":1}},"4":{"start":{"line":56,"column":16},"end":{"line":59,"column":1}},"5":{"start":{"line":61,"column":22},"end":{"line":67,"column":1}},"6":{"start":{"line":69,"column":22},"end":{"line":74,"column":1}},"7":{"start":{"line":76,"column":13},"end":{"line":97,"column":1}},"8":{"start":{"line":77,"column":2},"end":{"line":96,"column":9}}},"fnMap":{"0":{"name":"(anonymous_0)","decl":{"start":{"line":76,"column":13},"end":{"line":76,"column":14}},"loc":{"start":{"line":77,"column":2},"end":{"line":96,"column":9}},"line":77}},"branchMap":{},"s":{"0":2,"1":2,"2":2,"3":2,"4":2,"5":2,"6":2,"7":2,"8":0},"f":{"0":0},"b":{},"_coverageSchema":"1a1c01bbd47fc00a2c39e90264f33305004495a9","hash":"6eb4feac9699d2a669908f07392851d9a9d5dcdf"}
,"/Users/daniel/HR/fec/similar-homes-service/client/src/components/NewInfo.jsx": {"path":"/Users/daniel/HR/fec/similar-homes-service/client/src/components/NewInfo.jsx","statementMap":{"0":{"start":{"line":4,"column":18},"end":{"line":10,"column":1}},"1":{"start":{"line":12,"column":21},"end":{"line":22,"column":1}},"2":{"start":{"line":24,"column":16},"end":{"line":36,"column":1}},"3":{"start":{"line":25,"column":2},"end":{"line":33,"column":3}},"4":{"start":{"line":26,"column":4},"end":{"line":32,"column":6}},"5":{"start":{"line":35,"column":2},"end":{"line":35,"column":19}}},"fnMap":{"0":{"name":"(anonymous_0)","decl":{"start":{"line":24,"column":16},"end":{"line":24,"column":17}},"loc":{"start":{"line":24,"column":31},"end":{"line":36,"column":1}},"line":24}},"branchMap":{"0":{"loc":{"start":{"line":25,"column":2},"end":{"line":33,"column":3}},"type":"if","locations":[{"start":{"line":25,"column":2},"end":{"line":33,"column":3}},{"start":{"line":25,"column":2},"end":{"line":33,"column":3}}],"line":25}},"s":{"0":3,"1":3,"2":3,"3":2,"4":2,"5":0},"f":{"0":2},"b":{"0":[2,0]},"_coverageSchema":"1a1c01bbd47fc00a2c39e90264f33305004495a9","hash":"7bfa6bf1b9d183a4705df807960676cbabf1d6ed"}
,"/Users/daniel/HR/fec/similar-homes-service/client/src/components/NextButton.jsx": {"path":"/Users/daniel/HR/fec/similar-homes-service/client/src/components/NextButton.jsx","statementMap":{"0":{"start":{"line":4,"column":18},"end":{"line":9,"column":1}},"1":{"start":{"line":11,"column":24},"end":{"line":42,"column":1}},"2":{"start":{"line":44,"column":28},"end":{"line":53,"column":1}},"3":{"start":{"line":55,"column":21},"end":{"line":57,"column":1}},"4":{"start":{"line":56,"column":2},"end":{"line":56,"column":161}},"5":{"start":{"line":59,"column":19},"end":{"line":73,"column":1}},"6":{"start":{"line":60,"column":2},"end":{"line":70,"column":3}},"7":{"start":{"line":61,"column":4},"end":{"line":69,"column":6}},"8":{"start":{"line":72,"column":2},"end":{"line":72,"column":19}}},"fnMap":{"0":{"name":"(anonymous_0)","decl":{"start":{"line":55,"column":21},"end":{"line":55,"column":22}},"loc":{"start":{"line":56,"column":2},"end":{"line":56,"column":161}},"line":56},"1":{"name":"(anonymous_1)","decl":{"start":{"line":59,"column":19},"end":{"line":59,"column":20}},"loc":{"start":{"line":59,"column":46},"end":{"line":73,"column":1}},"line":59}},"branchMap":{"0":{"loc":{"start":{"line":60,"column":2},"end":{"line":70,"column":3}},"type":"if","locations":[{"start":{"line":60,"column":2},"end":{"line":70,"column":3}},{"start":{"line":60,"column":2},"end":{"line":70,"column":3}}],"line":60}},"s":{"0":3,"1":3,"2":3,"3":3,"4":2,"5":3,"6":2,"7":2,"8":0},"f":{"0":2,"1":2},"b":{"0":[2,0]},"_coverageSchema":"1a1c01bbd47fc00a2c39e90264f33305004495a9","hash":"8b12aa6e8d082368f71d55b76f898c04b74dc96b"}
,"/Users/daniel/HR/fec/similar-homes-service/client/src/components/PrevButton.jsx": {"path":"/Users/daniel/HR/fec/similar-homes-service/client/src/components/PrevButton.jsx","statementMap":{"0":{"start":{"line":4,"column":18},"end":{"line":8,"column":1}},"1":{"start":{"line":10,"column":24},"end":{"line":40,"column":1}},"2":{"start":{"line":42,"column":23},"end":{"line":51,"column":1}},"3":{"start":{"line":53,"column":20},"end":{"line":55,"column":1}},"4":{"start":{"line":54,"column":2},"end":{"line":54,"column":161}},"5":{"start":{"line":57,"column":19},"end":{"line":71,"column":1}},"6":{"start":{"line":58,"column":2},"end":{"line":68,"column":3}},"7":{"start":{"line":59,"column":4},"end":{"line":67,"column":6}},"8":{"start":{"line":70,"column":2},"end":{"line":70,"column":19}}},"fnMap":{"0":{"name":"(anonymous_0)","decl":{"start":{"line":53,"column":20},"end":{"line":53,"column":21}},"loc":{"start":{"line":54,"column":2},"end":{"line":54,"column":161}},"line":54},"1":{"name":"(anonymous_1)","decl":{"start":{"line":57,"column":19},"end":{"line":57,"column":20}},"loc":{"start":{"line":57,"column":46},"end":{"line":71,"column":1}},"line":57}},"branchMap":{"0":{"loc":{"start":{"line":58,"column":2},"end":{"line":68,"column":3}},"type":"if","locations":[{"start":{"line":58,"column":2},"end":{"line":68,"column":3}},{"start":{"line":58,"column":2},"end":{"line":68,"column":3}}],"line":58}},"s":{"0":3,"1":3,"2":3,"3":3,"4":0,"5":3,"6":2,"7":0,"8":2},"f":{"0":0,"1":2},"b":{"0":[0,2]},"_coverageSchema":"1a1c01bbd47fc00a2c39e90264f33305004495a9","hash":"01c1e242b6ec81f1876c423e7529b4dc48f7f757"}
,"/Users/daniel/HR/fec/similar-homes-service/client/src/components/PriceInfo.jsx": {"path":"/Users/daniel/HR/fec/similar-homes-service/client/src/components/PriceInfo.jsx","statementMap":{"0":{"start":{"line":4,"column":21},"end":{"line":9,"column":1}},"1":{"start":{"line":11,"column":18},"end":{"line":19,"column":1}},"2":{"start":{"line":21,"column":27},"end":{"line":25,"column":1}},"3":{"start":{"line":27,"column":18},"end":{"line":29,"column":1}},"4":{"start":{"line":28,"column":2},"end":{"line":28,"column":318}},"5":{"start":{"line":31,"column":25},"end":{"line":33,"column":1}},"6":{"start":{"line":32,"column":2},"end":{"line":32,"column":52}},"7":{"start":{"line":37,"column":18},"end":{"line":57,"column":1}},"8":{"start":{"line":38,"column":25},"end":{"line":38,"column":54}},"9":{"start":{"line":39,"column":2},"end":{"line":50,"column":3}},"10":{"start":{"line":40,"column":4},"end":{"line":49,"column":6}},"11":{"start":{"line":52,"column":2},"end":{"line":56,"column":4}}},"fnMap":{"0":{"name":"(anonymous_0)","decl":{"start":{"line":27,"column":18},"end":{"line":27,"column":19}},"loc":{"start":{"line":28,"column":2},"end":{"line":28,"column":318}},"line":28},"1":{"name":"(anonymous_1)","decl":{"start":{"line":31,"column":25},"end":{"line":31,"column":26}},"loc":{"start":{"line":32,"column":2},"end":{"line":32,"column":52}},"line":32},"2":{"name":"(anonymous_2)","decl":{"start":{"line":37,"column":18},"end":{"line":37,"column":19}},"loc":{"start":{"line":37,"column":44},"end":{"line":57,"column":1}},"line":37}},"branchMap":{"0":{"loc":{"start":{"line":39,"column":2},"end":{"line":50,"column":3}},"type":"if","locations":[{"start":{"line":39,"column":2},"end":{"line":50,"column":3}},{"start":{"line":39,"column":2},"end":{"line":50,"column":3}}],"line":39}},"s":{"0":3,"1":3,"2":3,"3":3,"4":0,"5":3,"6":2,"7":3,"8":2,"9":2,"10":0,"11":2},"f":{"0":0,"1":2,"2":2},"b":{"0":[0,2]},"_coverageSchema":"1a1c01bbd47fc00a2c39e90264f33305004495a9","hash":"085750bc71e37ee5a9bac52e571f76ec27154a17"}
,"/Users/daniel/HR/fec/similar-homes-service/client/src/components/RealtorInfo.jsx": {"path":"/Users/daniel/HR/fec/similar-homes-service/client/src/components/RealtorInfo.jsx","statementMap":{"0":{"start":{"line":4,"column":25},"end":{"line":10,"column":1}},"1":{"start":{"line":12,"column":20},"end":{"line":18,"column":1}},"2":{"start":{"line":20,"column":20},"end":{"line":27,"column":1}},"3":{"start":{"line":21,"column":2},"end":{"line":25,"column":21}}},"fnMap":{"0":{"name":"(anonymous_0)","decl":{"start":{"line":20,"column":20},"end":{"line":20,"column":21}},"loc":{"start":{"line":21,"column":2},"end":{"line":25,"column":21}},"line":21}},"branchMap":{},"s":{"0":2,"1":2,"2":2,"3":0},"f":{"0":0},"b":{},"_coverageSchema":"1a1c01bbd47fc00a2c39e90264f33305004495a9","hash":"6c9024af0d50fd5987d680fd178aa9179055469a"}
,"/Users/daniel/HR/fec/similar-homes-service/client/src/components/SqftInfo.jsx": {"path":"/Users/daniel/HR/fec/similar-homes-service/client/src/components/SqftInfo.jsx","statementMap":{"0":{"start":{"line":4,"column":26},"end":{"line":7,"column":1}},"1":{"start":{"line":9,"column":17},"end":{"line":11,"column":1}},"2":{"start":{"line":10,"column":2},"end":{"line":10,"column":314}},"3":{"start":{"line":13,"column":13},"end":{"line":21,"column":1}},"4":{"start":{"line":23,"column":17},"end":{"line":30,"column":1}},"5":{"start":{"line":24,"column":2},"end":{"line":29,"column":9}}},"fnMap":{"0":{"name":"(anonymous_0)","decl":{"start":{"line":9,"column":17},"end":{"line":9,"column":18}},"loc":{"start":{"line":10,"column":2},"end":{"line":10,"column":314}},"line":10},"1":{"name":"(anonymous_1)","decl":{"start":{"line":23,"column":17},"end":{"line":23,"column":18}},"loc":{"start":{"line":24,"column":2},"end":{"line":29,"column":9}},"line":24}},"branchMap":{},"s":{"0":3,"1":3,"2":2,"3":3,"4":3,"5":2},"f":{"0":2,"1":2},"b":{},"_coverageSchema":"1a1c01bbd47fc00a2c39e90264f33305004495a9","hash":"22418139ba0c06f1b22c7e4fae73d459eb027744"}
}
