TN:
SF:client/src/components/BathInfo.jsx
FN:9,(anonymous_0)
FN:23,(anonymous_1)
FNF:2
FNH:2
FNDA:2,(anonymous_0)
FNDA:2,(anonymous_1)
DA:4,3
DA:9,3
DA:10,2
DA:13,3
DA:23,3
DA:24,2
LF:6
LH:6
BRF:0
BRH:0
end_of_record
TN:
SF:client/src/components/BedInfo.jsx
FN:9,(anonymous_0)
FN:23,(anonymous_1)
FNF:2
FNH:2
FNDA:2,(anonymous_0)
FNDA:2,(anonymous_1)
DA:4,3
DA:9,3
DA:10,2
DA:13,3
DA:23,3
DA:24,2
LF:6
LH:6
BRF:0
BRH:0
end_of_record
TN:
SF:client/src/components/Carousel.jsx
FN:42,(anonymous_0)
FN:46,(anonymous_1)
FN:56,(anonymous_2)
FN:63,(anonymous_3)
FN:70,(anonymous_4)
FN:71,(anonymous_5)
FNF:6
FNH:3
FNDA:0,(anonymous_0)
FNDA:3,(anonymous_1)
FNDA:0,(anonymous_2)
FNDA:0,(anonymous_3)
FNDA:3,(anonymous_4)
FNDA:2,(anonymous_5)
DA:7,2
DA:23,2
DA:36,2
DA:42,0
DA:47,3
DA:48,3
DA:52,3
DA:53,3
DA:57,0
DA:58,0
DA:64,0
DA:65,0
DA:71,3
DA:72,2
LF:14
LH:9
BRF:0
BRH:0
end_of_record
TN:
SF:client/src/components/Heart.jsx
FN:13,(anonymous_0)
FN:17,(anonymous_1)
FN:22,(anonymous_2)
FN:30,(anonymous_3)
FN:36,(anonymous_4)
FNF:5
FNH:3
FNDA:0,(anonymous_0)
FNDA:1,(anonymous_1)
FNDA:1,(anonymous_2)
FNDA:0,(anonymous_3)
FNDA:1,(anonymous_4)
DA:4,3
DA:13,3
DA:14,0
DA:17,3
DA:18,1
DA:23,1
DA:24,1
DA:27,1
DA:31,0
DA:37,1
DA:38,1
LF:11
LH:9
BRDA:37,0,0,0
BRDA:37,0,1,1
BRF:2
BRH:1
end_of_record
TN:
SF:client/src/components/Home.jsx
FN:76,(anonymous_0)
FNF:1
FNH:0
FNDA:0,(anonymous_0)
DA:11,2
DA:21,2
DA:27,2
DA:34,2
DA:56,2
DA:61,2
DA:69,2
DA:76,2
DA:77,0
LF:9
LH:8
BRF:0
BRH:0
end_of_record
TN:
SF:client/src/components/NewInfo.jsx
FN:24,(anonymous_0)
FNF:1
FNH:1
FNDA:2,(anonymous_0)
DA:4,3
DA:12,3
DA:24,3
DA:25,2
DA:26,2
DA:35,0
LF:6
LH:5
BRDA:25,0,0,2
BRDA:25,0,1,0
BRF:2
BRH:1
end_of_record
TN:
SF:client/src/components/NextButton.jsx
FN:55,(anonymous_0)
FN:59,(anonymous_1)
FNF:2
FNH:2
FNDA:2,(anonymous_0)
FNDA:2,(anonymous_1)
DA:4,3
DA:11,3
DA:44,3
DA:55,3
DA:56,2
DA:59,3
DA:60,2
DA:61,2
DA:72,0
LF:9
LH:8
BRDA:60,0,0,2
BRDA:60,0,1,0
BRF:2
BRH:1
end_of_record
TN:
SF:client/src/components/PrevButton.jsx
FN:53,(anonymous_0)
FN:57,(anonymous_1)
FNF:2
FNH:1
FNDA:0,(anonymous_0)
FNDA:2,(anonymous_1)
DA:4,3
DA:10,3
DA:42,3
DA:53,3
DA:54,0
DA:57,3
DA:58,2
DA:59,0
DA:70,2
LF:9
LH:7
BRDA:58,0,0,0
BRDA:58,0,1,2
BRF:2
BRH:1
end_of_record
TN:
SF:client/src/components/PriceInfo.jsx
FN:27,(anonymous_0)
FN:31,(anonymous_1)
FN:37,(anonymous_2)
FNF:3
FNH:2
FNDA:0,(anonymous_0)
FNDA:2,(anonymous_1)
FNDA:2,(anonymous_2)
DA:4,3
DA:11,3
DA:21,3
DA:27,3
DA:28,0
DA:31,3
DA:32,2
DA:37,3
DA:38,2
DA:39,2
DA:40,0
DA:52,2
LF:12
LH:10
BRDA:39,0,0,0
BRDA:39,0,1,2
BRF:2
BRH:1
end_of_record
TN:
SF:client/src/components/RealtorInfo.jsx
FN:20,(anonymous_0)
FNF:1
FNH:0
FNDA:0,(anonymous_0)
DA:4,2
DA:12,2
DA:20,2
DA:21,0
LF:4
LH:3
BRF:0
BRH:0
end_of_record
TN:
SF:client/src/components/SqftInfo.jsx
FN:9,(anonymous_0)
FN:23,(anonymous_1)
FNF:2
FNH:2
FNDA:2,(anonymous_0)
FNDA:2,(anonymous_1)
DA:4,3
DA:9,3
DA:10,2
DA:13,3
DA:23,3
DA:24,2
LF:6
LH:6
BRF:0
BRH:0
end_of_record
